<?xml version="1.0" encoding="utf-8"?><testsuites name="pytest tests"><testsuite name="pytest" errors="0" failures="0" skipped="0" tests="3" time="4.537" timestamp="2026-07-05T20:21:12.773516+00:00" hostname="agent-env-b2ad357f-66bc-454a-b8d6-29736f8f2ae8"><testcase classname="tests.test_host_disconnect.TestHostDisconnect" name="test_host_disconnect_kicks_viewers_and_clears_state" time="3.058" /><testcase classname="tests.test_host_disconnect.TestHostDisconnect" name="test_viewer_disconnect_does_not_teardown" time="0.659" /><testcase classname="tests.test_host_disconnect.TestHostDisconnect" name="test_frontend_switch_cases_present" time="0.003" /></testsuite></testsuites>