<?xml version="1.0" encoding="utf-8"?><testsuites name="pytest tests"><testsuite name="pytest" errors="0" failures="0" skipped="0" tests="13" time="4.724" timestamp="2026-07-05T19:03:49.161725+00:00" hostname="agent-env-b2ad357f-66bc-454a-b8d6-29736f8f2ae8"><testcase classname="tests.test_invites.TestLegacyNotificationAliases" name="test_legacy_list_admin_ok" time="0.754" /><testcase classname="tests.test_invites.TestAcceptInvite" name="test_accept_valid_invite_upserts_visit_and_notifies_host" time="2.046" /><testcase classname="tests.test_invites.TestLegacyNotificationAliases" name="test_legacy_list_non_admin_403" time="1.134" /><testcase classname="tests.test_invites.TestLegacyNotificationAliases" name="test_legacy_mark_read_admin" time="0.158" /><testcase classname="tests.test_invites.TestLegacyNotificationAliases" name="test_legacy_mark_read_non_admin_403" time="0.043" /><testcase classname="tests.test_invites.TestCreateInvite" name="test_admin_can_create_invite" time="0.569" /><testcase classname="tests.test_invites.TestCreateInvite" name="test_non_host_forbidden" time="0.046" /><testcase classname="tests.test_invites.TestCreateInvite" name="test_unknown_room_404" time="0.052" /><testcase classname="tests.test_invites.TestAcceptInvite" name="test_expired_token_returns_410" time="0.831" /><testcase classname="tests.test_invites.TestWSAutoAdmitAfterInvite" name="test_ws_skips_knock_after_invite" time="1.028" /><testcase classname="tests.test_invites.TestAcceptInvite" name="test_malformed_token_400" time="0.211" /><testcase classname="tests.test_invites.TestAcceptInvite" name="test_wrong_typ_400" time="0.096" /><testcase classname="tests.test_invites.TestAcceptInvite" name="test_deleted_room_404" time="0.229" /></testsuite></testsuites>