<?xml version="1.0" encoding="utf-8"?><testsuites name="pytest tests"><testsuite name="pytest" errors="0" failures="0" skipped="0" tests="6" time="9.098" timestamp="2026-07-05T18:43:27.717863+00:00" hostname="agent-env-b2ad357f-66bc-454a-b8d6-29736f8f2ae8"><testcase classname="tests.backend_test.TestWebrtcConfig" name="test_config_webrtc_returns_stun_and_turn" time="1.066" /><testcase classname="tests.backend_test.TestWebrtcConfig" name="test_config_webrtc_requires_auth" time="0.317" /><testcase classname="tests.backend_test.TestChatPersistenceAndYouTube" name="test_chat_persists_and_history_replayed" time="3.568" /><testcase classname="tests.backend_test.TestChatPersistenceAndYouTube" name="test_yt_set_broadcast_and_state_remembered" time="0.976" /><testcase classname="tests.backend_test.TestChatPersistenceAndYouTube" name="test_non_host_set_yt_and_yt_state_ignored" time="2.187" /><testcase classname="tests.backend_test.TestChatPersistenceAndYouTube" name="test_yt_state_broadcast_excludes_sender" time="1.478" /></testsuite></testsuites>