<?xml version="1.0" encoding="utf-8"?><testsuites name="pytest tests"><testsuite name="pytest" errors="0" failures="0" skipped="0" tests="11" time="6.279" timestamp="2026-07-05T18:23:46.368474+00:00" hostname="agent-env-b2ad357f-66bc-454a-b8d6-29736f8f2ae8"><testcase classname="tests.backend_test.TestAuth" name="test_admin_login" time="0.636" /><testcase classname="tests.backend_test.TestAuth" name="test_viewer_register" time="0.721" /><testcase classname="tests.backend_test.TestRoomsCodeVisibility" name="test_admin_sees_all_codes_and_superadmin_room_exists" time="0.054" /><testcase classname="tests.backend_test.TestRoomsCodeVisibility" name="test_viewer_sees_null_codes" time="0.048" /><testcase classname="tests.backend_test.TestRoomsCodeVisibility" name="test_viewer_sees_code_after_room_visit_upsert" time="0.146" /><testcase classname="tests.backend_test.TestNotifications" name="test_events_requires_admin" time="0.045" /><testcase classname="tests.backend_test.TestNotifications" name="test_events_admin_ok" time="0.053" /><testcase classname="tests.backend_test.TestNotifications" name="test_notifications_me_returns_list" time="0.045" /><testcase classname="tests.backend_test.TestNotifications" name="test_grant_host_creates_notification_and_event" time="0.419" /><testcase classname="tests.backend_test.TestKnockFlow" name="test_admin_welcome_and_viewer_pending_then_admit" time="0.508" /><testcase classname="tests.backend_test.TestKnockFlow" name="test_viewer_denied_flow" time="3.444" /></testsuite></testsuites>