<?xml version="1.0" encoding="utf-8"?><testsuites name="pytest tests"><testsuite name="pytest" errors="0" failures="0" skipped="0" tests="2" time="2.503" timestamp="2026-07-05T20:08:25.223008+00:00" hostname="agent-env-b2ad357f-66bc-454a-b8d6-29736f8f2ae8"><testcase classname="tests.test_host_request.TestHostRequest" name="test_post_host_request_creates_pending_and_broadcast_notification" time="1.317" /><testcase classname="tests.test_host_request.TestHostRequest" name="test_second_call_returns_same_pending" time="0.046" /></testsuite></testsuites>